<?xml version="1.0" encoding="UTF-8"?>
<!-- Generated by org.testng.reporters.JUnitReportReporter -->
<testsuite hostname="DESKTOP-56QICGD" failures="0" tests="3" name="practice.WorkingWithHelperAttributes" time="0.031" errors="0" timestamp="2025-11-07T08:00:36 IST" skipped="0">
  <testcase classname="practice.WorkingWithHelperAttributes" name="updateProduct" time="0.002"/>
  <testcase classname="practice.WorkingWithHelperAttributes" name="productCreation" time="0.019"/>
  <testcase classname="practice.WorkingWithHelperAttributes" name="deleteProduct" time="0.010"/>
</testsuite> <!-- practice.WorkingWithHelperAttributes -->
