<?xml version="1.0" encoding="UTF-8"?>
<!-- Generated by org.testng.reporters.JUnitReportReporter -->
<testsuite hostname="DESKTOP-56QICGD" failures="0" tests="5" name="practice.WorkingWithDataProvider" time="21.540" errors="0" timestamp="2025-11-07T09:00:12 IST" skipped="0">
  <testcase classname="practice.WorkingWithDataProvider" name="login" time="3.645"/>
  <testcase classname="practice.WorkingWithDataProvider" name="login" time="3.605"/>
  <testcase classname="practice.WorkingWithDataProvider" name="login" time="4.735"/>
  <testcase classname="practice.WorkingWithDataProvider" name="login" time="5.082"/>
  <testcase classname="practice.WorkingWithDataProvider" name="login" time="4.473"/>
</testsuite> <!-- practice.WorkingWithDataProvider -->
